<?xml version="1.0" encoding="UTF-8"?>
<!-- Generated by org.testng.reporters.JUnitReportReporter -->
<testsuite skipped="0" hostname="WIN-GEDESCREUP8" name="TestPackage.NewTest" tests="1" failures="0" timestamp="24 Feb 2018 17:57:55 GMT" time="2.840" errors="0">
  <testcase name="f" time="2.840" classname="TestPackage.NewTest"/>
</testsuite> <!-- TestPackage.NewTest -->
