<?xml version="1.0" encoding="UTF-8"?>
<!-- Generated by org.testng.reporters.JUnitReportReporter -->
<testsuite skipped="0" hostname="WIN-GEDESCREUP8" name="NewTest" tests="1" failures="0" timestamp="24 Feb 2018 17:47:33 GMT" time="4.102" errors="0">
  <testcase name="f" time="4.102" classname="NewTest"/>
</testsuite> <!-- NewTest -->
